[2026-06-01 10:13:21.790] ℹ️ INFO: Режим отладки включен
[2026-06-01 10:13:21.793] ℹ️ INFO: 
============================================================
=== ЗАПУСК ПРИЛОЖЕНИЯ
============================================================
[2026-06-01 10:13:21.793] 🔍 DEBUG: Установка LookAndFeel...
[2026-06-01 10:13:21.939] ✅ SUCCESS: LookAndFeel установлен
[2026-06-01 10:13:21.940] ℹ️ INFO: Инициализация базы данных...
[2026-06-01 10:13:21.984] ℹ️ INFO: Начало инициализации базы данных
[2026-06-01 10:13:22.394] ✅ SUCCESS: База данных инициализирована успешно
[2026-06-01 10:13:22.397] 🔍 DEBUG: ⏱️  Инициализация БД выполнено за 433,49 мс
[2026-06-01 10:13:22.397] 🔍 DEBUG: Тестирование соединения с БД...
[2026-06-01 10:13:22.398] ✅ SUCCESS: Соединение с БД установлено успешно
[2026-06-01 10:13:22.398] 🔍 DEBUG: Получение информации о таблицах...
[2026-06-01 10:13:22.402] 🔍 DEBUG: Таблица: attendance
[2026-06-01 10:13:22.404] 🔍 DEBUG:   - Записей: 4
[2026-06-01 10:13:22.404] 🔍 DEBUG: Таблица: grades
[2026-06-01 10:13:22.406] 🔍 DEBUG:   - Записей: 3
[2026-06-01 10:13:22.406] 🔍 DEBUG: Таблица: students
[2026-06-01 10:13:22.407] 🔍 DEBUG:   - Записей: 3
[2026-06-01 10:13:22.407] 🔍 DEBUG: Таблица: subjects
[2026-06-01 10:13:22.408] 🔍 DEBUG:   - Записей: 9
[2026-06-01 10:13:22.408] 🔍 DEBUG: Таблица: teacher_subjects
[2026-06-01 10:13:22.408] 🔍 DEBUG:   - Записей: 1
[2026-06-01 10:13:22.409] 🔍 DEBUG: Таблица: users
[2026-06-01 10:13:22.410] 🔍 DEBUG:   - Записей: 5
[2026-06-01 10:13:22.413] 🔍 DEBUG: ✓ Выполняется в EDT (правильно)
[2026-06-01 10:13:22.413] ℹ️ INFO: Запуск окна авторизации...
[2026-06-01 10:13:22.779] ℹ️ INFO: Приложение запущено
[2026-06-01 10:14:52.719] INFO: Debug mode enabled
[2026-06-01 10:14:52.720] INFO: 
============================================================
=== ЗАПУСК ПРИЛОЖЕНИЯ
============================================================
[2026-06-01 10:14:52.721] DEBUG: Установка LookAndFeel...
[2026-06-01 10:14:52.851] SUCCESS: LookAndFeel установлен
[2026-06-01 10:14:52.852] INFO: Инициализация базы данных...
[2026-06-01 10:14:52.859] INFO: Начало инициализации базы данных
[2026-06-01 10:14:53.215] SUCCESS: База данных инициализирована успешно
[2026-06-01 10:14:53.217] DEBUG: ⏱️  Инициализация БД выполнено за 358,26 мс
[2026-06-01 10:14:53.218] DEBUG: Тестирование соединения с БД...
[2026-06-01 10:14:53.219] SUCCESS: Соединение с БД установлено успешно
[2026-06-01 10:14:53.219] DEBUG: Получение информации о таблицах...
[2026-06-01 10:14:53.226] DEBUG: Таблица: attendance
[2026-06-01 10:14:53.226] DEBUG:   - Записей: 4
[2026-06-01 10:14:53.227] DEBUG: Таблица: grades
[2026-06-01 10:14:53.228] DEBUG:   - Записей: 3
[2026-06-01 10:14:53.228] DEBUG: Таблица: students
[2026-06-01 10:14:53.229] DEBUG:   - Записей: 3
[2026-06-01 10:14:53.229] DEBUG: Таблица: subjects
[2026-06-01 10:14:53.230] DEBUG:   - Записей: 9
[2026-06-01 10:14:53.232] DEBUG: Таблица: teacher_subjects
[2026-06-01 10:14:53.232] DEBUG:   - Записей: 1
[2026-06-01 10:14:53.232] DEBUG: Таблица: users
[2026-06-01 10:14:53.232] DEBUG:   - Записей: 5
[2026-06-01 10:14:53.237] DEBUG: ✓ Выполняется в EDT (правильно)
[2026-06-01 10:14:53.237] INFO: Запуск окна авторизации...
[2026-06-01 10:14:53.613] INFO: Приложение запущено
[2026-06-01 10:15:14.422] INFO: Debug mode enabled
[2026-06-01 10:15:14.424] INFO: 
============================================================
=== ЗАПУСК ПРИЛОЖЕНИЯ
============================================================
[2026-06-01 10:15:14.424] DEBUG: Установка LookAndFeel...
[2026-06-01 10:15:14.561] SUCCESS: LookAndFeel установлен
[2026-06-01 10:15:14.562] INFO: Инициализация базы данных...
[2026-06-01 10:15:14.568] INFO: Начало инициализации базы данных
[2026-06-01 10:15:14.950] SUCCESS: База данных инициализирована успешно
[2026-06-01 10:15:14.954] DEBUG: ⏱️  Инициализация БД выполнено за 385,35 мс
[2026-06-01 10:15:14.954] DEBUG: Тестирование соединения с БД...
[2026-06-01 10:15:14.955] SUCCESS: Соединение с БД установлено успешно
[2026-06-01 10:15:14.955] DEBUG: Получение информации о таблицах...
[2026-06-01 10:15:14.962] DEBUG: Таблица: attendance
[2026-06-01 10:15:14.963] DEBUG:   - Записей: 4
[2026-06-01 10:15:14.964] DEBUG: Таблица: grades
[2026-06-01 10:15:14.965] DEBUG:   - Записей: 3
[2026-06-01 10:15:14.965] DEBUG: Таблица: students
[2026-06-01 10:15:14.966] DEBUG:   - Записей: 3
[2026-06-01 10:15:14.967] DEBUG: Таблица: subjects
[2026-06-01 10:15:14.967] DEBUG:   - Записей: 9
[2026-06-01 10:15:14.968] DEBUG: Таблица: teacher_subjects
[2026-06-01 10:15:14.969] DEBUG:   - Записей: 1
[2026-06-01 10:15:14.969] DEBUG: Таблица: users
[2026-06-01 10:15:14.970] DEBUG:   - Записей: 5
[2026-06-01 10:15:14.974] DEBUG: ✓ Выполняется в EDT (правильно)
[2026-06-01 10:15:14.975] INFO: Запуск окна авторизации...
[2026-06-01 10:15:15.351] INFO: Приложение запущено
[2026-06-01 10:16:17.678] INFO: Debug mode enabled
[2026-06-01 10:16:17.681] INFO: 
============================================================
=== ЗАПУСК ПРИЛОЖЕНИЯ
============================================================
[2026-06-01 10:16:17.682] DEBUG: Установка LookAndFeel...
[2026-06-01 10:16:17.858] SUCCESS: LookAndFeel установлен
[2026-06-01 10:16:17.861] INFO: Инициализация базы данных...
[2026-06-01 10:16:17.890] INFO: Начало инициализации базы данных
[2026-06-01 10:16:18.323] SUCCESS: База данных инициализирована успешно
[2026-06-01 10:16:18.326] DEBUG: Инициализация БД completed in 436,02 ms
[2026-06-01 10:16:18.327] DEBUG: Testing database connection...
[2026-06-01 10:16:18.327] SUCCESS: Database connection established successfully
[2026-06-01 10:16:18.327] DEBUG: Getting table information...
[2026-06-01 10:16:18.332] DEBUG: Table: attendance
[2026-06-01 10:16:18.333] DEBUG:   - Records: 4
[2026-06-01 10:16:18.334] DEBUG: Table: grades
[2026-06-01 10:16:18.335] DEBUG:   - Records: 3
[2026-06-01 10:16:18.335] DEBUG: Table: students
[2026-06-01 10:16:18.336] DEBUG:   - Records: 3
[2026-06-01 10:16:18.336] DEBUG: Table: subjects
[2026-06-01 10:16:18.337] DEBUG:   - Records: 9
[2026-06-01 10:16:18.337] DEBUG: Table: teacher_subjects
[2026-06-01 10:16:18.338] DEBUG:   - Records: 1
[2026-06-01 10:16:18.338] DEBUG: Table: users
[2026-06-01 10:16:18.339] DEBUG:   - Records: 5
[2026-06-01 10:16:18.343] DEBUG: Executing in EDT (correct)
[2026-06-01 10:16:18.344] INFO: Запуск окна авторизации...
[2026-06-01 10:16:18.671] INFO: Приложение запущено
[2026-06-01 10:16:39.776] INFO: Debug mode enabled
[2026-06-01 10:16:39.777] INFO: 
============================================================
=== ЗАПУСК ПРИЛОЖЕНИЯ
============================================================
[2026-06-01 10:16:39.778] DEBUG: Установка LookAndFeel...
[2026-06-01 10:16:39.908] SUCCESS: LookAndFeel установлен
[2026-06-01 10:16:39.909] INFO: Инициализация базы данных...
[2026-06-01 10:16:39.916] INFO: Начало инициализации базы данных
[2026-06-01 10:16:40.285] SUCCESS: База данных инициализирована успешно
[2026-06-01 10:16:40.288] DEBUG: Инициализация БД completed in 371,91 ms
[2026-06-01 10:16:40.289] DEBUG: Testing database connection...
[2026-06-01 10:16:40.289] SUCCESS: Database connection established successfully
[2026-06-01 10:16:40.290] DEBUG: Getting table information...
[2026-06-01 10:16:40.296] DEBUG: Table: attendance
[2026-06-01 10:16:40.297] DEBUG:   - Records: 4
[2026-06-01 10:16:40.298] DEBUG: Table: grades
[2026-06-01 10:16:40.298] DEBUG:   - Records: 3
[2026-06-01 10:16:40.299] DEBUG: Table: students
[2026-06-01 10:16:40.299] DEBUG:   - Records: 3
[2026-06-01 10:16:40.300] DEBUG: Table: subjects
[2026-06-01 10:16:40.300] DEBUG:   - Records: 9
[2026-06-01 10:16:40.301] DEBUG: Table: teacher_subjects
[2026-06-01 10:16:40.302] DEBUG:   - Records: 1
[2026-06-01 10:16:40.302] DEBUG: Table: users
[2026-06-01 10:16:40.304] DEBUG:   - Records: 5
[2026-06-01 10:16:40.307] DEBUG: Executing in EDT (correct)
[2026-06-01 10:16:40.308] INFO: Запуск окна авторизации...
[2026-06-01 10:16:40.688] INFO: Приложение запущено
[2026-06-01 10:22:38.998] INFO: Debug mode enabled
[2026-06-01 10:22:39.000] INFO: 
============================================================
=== ЗАПУСК ПРИЛОЖЕНИЯ
============================================================
[2026-06-01 10:22:39.000] DEBUG: Установка LookAndFeel...
[2026-06-01 10:22:39.129] SUCCESS: LookAndFeel установлен
[2026-06-01 10:22:39.129] INFO: Инициализация базы данных...
[2026-06-01 10:22:39.160] INFO: Initializing database...
[2026-06-01 10:22:39.505] SUCCESS: The database was initialized successfully
[2026-06-01 10:22:39.508] DEBUG: Инициализация БД completed in 373,20 ms
[2026-06-01 10:22:39.508] DEBUG: Testing database connection...
[2026-06-01 10:22:39.510] SUCCESS: Database connection established successfully
[2026-06-01 10:22:39.510] DEBUG: Getting table information...
[2026-06-01 10:22:39.515] DEBUG: Table: attendance
[2026-06-01 10:22:39.515] DEBUG:   - Records: 4
[2026-06-01 10:22:39.516] DEBUG: Table: grades
[2026-06-01 10:22:39.517] DEBUG:   - Records: 3
[2026-06-01 10:22:39.517] DEBUG: Table: students
[2026-06-01 10:22:39.518] DEBUG:   - Records: 3
[2026-06-01 10:22:39.518] DEBUG: Table: subjects
[2026-06-01 10:22:39.519] DEBUG:   - Records: 9
[2026-06-01 10:22:39.519] DEBUG: Table: teacher_subjects
[2026-06-01 10:22:39.520] DEBUG:   - Records: 1
[2026-06-01 10:22:39.520] DEBUG: Table: users
[2026-06-01 10:22:39.521] DEBUG:   - Records: 5
[2026-06-01 10:22:39.525] DEBUG: Executing in EDT (correct)
[2026-06-01 10:22:39.525] INFO: Запуск окна авторизации...
[2026-06-01 10:22:39.848] INFO: Приложение запущено
[2026-06-01 10:25:49.614] INFO: Debug mode enabled
[2026-06-01 10:25:49.616] INFO: 
============================================================
=== ЗАПУСК ПРИЛОЖЕНИЯ
============================================================
[2026-06-01 10:25:49.617] DEBUG: Установка LookAndFeel...
[2026-06-01 10:25:49.753] SUCCESS: LookAndFeel установлен
[2026-06-01 10:25:49.756] INFO: Инициализация базы данных...
[2026-06-01 10:25:49.763] INFO: Initializing database...
[2026-06-01 10:25:50.154] SUCCESS: The database was initialized successfully
[2026-06-01 10:25:50.156] DEBUG: Инициализация БД completed in 393,31 ms
[2026-06-01 10:25:50.157] DEBUG: Testing database connection...
[2026-06-01 10:25:50.157] SUCCESS: Database connection established successfully
[2026-06-01 10:25:50.159] DEBUG: Getting table information...
[2026-06-01 10:25:50.163] DEBUG: Table: attendance
[2026-06-01 10:25:50.164] DEBUG:   - Records: 4
[2026-06-01 10:25:50.165] DEBUG: Table: grades
[2026-06-01 10:25:50.165] DEBUG:   - Records: 3
[2026-06-01 10:25:50.166] DEBUG: Table: students
[2026-06-01 10:25:50.166] DEBUG:   - Records: 3
[2026-06-01 10:25:50.167] DEBUG: Table: subjects
[2026-06-01 10:25:50.168] DEBUG:   - Records: 9
[2026-06-01 10:25:50.168] DEBUG: Table: teacher_subjects
[2026-06-01 10:25:50.170] DEBUG:   - Records: 1
[2026-06-01 10:25:50.170] DEBUG: Table: users
[2026-06-01 10:25:50.171] DEBUG:   - Records: 5
[2026-06-01 10:25:50.174] DEBUG: Executing in EDT (correct)
[2026-06-01 10:25:50.174] INFO: Запуск окна авторизации...
[2026-06-01 10:25:50.518] INFO: Приложение запущено
[2026-06-01 10:28:10.319] INFO: Debug mode disabled
[2026-06-01 10:28:11.065] INFO: Debug mode enabled
[2026-06-01 10:28:12.905] INFO: Debug mode disabled
[2026-06-01 10:28:13.474] INFO: Debug mode enabled
